/*C6*/SET SCHEMA PUBLIC
CONNECT USER SA
DISCONNECT
/*C7*/SET SCHEMA PUBLIC
CONNECT USER SA
/*C8*/SET SCHEMA PUBLIC
CONNECT USER SA
DISCONNECT
/*C9*/SET SCHEMA PUBLIC
CONNECT USER SA
SET AUTOCOMMIT FALSE
INSERT INTO PEDIDO VALUES(1,'Maria')
INSERT INTO ITEM VALUES(1,2,20.5E0,1,NULL)
COMMIT
SET AUTOCOMMIT TRUE
DISCONNECT
/*C10*/SET SCHEMA PUBLIC
CONNECT USER SA
/*C11*/SET SCHEMA PUBLIC
CONNECT USER SA
DISCONNECT
/*C12*/SET SCHEMA PUBLIC
CONNECT USER SA
SET AUTOCOMMIT FALSE
INSERT INTO PRATOS VALUES(4,'Peixe frito')
INSERT INTO PRATOS VALUES(5,'Salm\u00e3o')
INSERT INTO PRATOS VALUES(1,'Frango grelhado')
INSERT INTO PRATOS VALUES(3,'Salada')
INSERT INTO PRATOS VALUES(2,'Bife a milanesa')
COMMIT
SET AUTOCOMMIT TRUE
DISCONNECT
/*C7*/DISCONNECT
/*C13*/SET SCHEMA PUBLIC
CONNECT USER SA
DISCONNECT
/*C14*/SET SCHEMA PUBLIC
CONNECT USER SA
